# JRE version: Java(TM) SE Runtime Environment (17.0.10+11) (build 17.0.10+11-LTS-240)
# Java VM: Java HotSpot(TM) 64-Bit Server VM (17.0.10+11-LTS-240, mixed mode, emulated-client, sharing, tiered, compressed oops, compressed class ptrs, g1 gc, windows-amd64)
GC Precious Log:
 CPUs: 8 total, 8 available
 Memory: 7859M
 Large Page Support: Disabled
 NUMA Support: Disabled
 Compressed Oops: Enabled (32-bit)
 Heap Region Size: 1M
 Heap Min Capacity: 8M
 Heap Initial Capacity: 124M
 Heap Max Capacity: 1966M
 Pre-touch: Disabled
 Parallel Workers: 8
 Concurrent Workers: 2
 Concurrent Refinement Workers: 8
 Periodic GC: Disabled
Heap:
 garbage-first heap   total 198656K, used 102351K [0x0000000085200000, 0x0000000100000000)
  region size 1024K, 3 young (3072K), 3 survivors (3072K)
 Metaspace       used 79491K, committed 80320K, reserved 1179648K
  class space    used 11290K, committed 11712K, reserved 1048576K
GC Heap History (20 events):
Event: 10.258 GC heap after
{Heap after GC invocations=18 (full 0):
 garbage-first heap   total 152576K, used 71648K [0x0000000085200000, 0x0000000100000000)
  region size 1024K, 8 young (8192K), 8 survivors (8192K)
 Metaspace       used 67897K, committed 68608K, reserved 1114112K
  class space    used 9524K, committed 9856K, reserved 1048576K
}
Event: 10.437 GC heap before
{Heap before GC invocations=18 (full 0):
 garbage-first heap   total 152576K, used 122848K [0x0000000085200000, 0x0000000100000000)
  region size 1024K, 58 young (59392K), 8 survivors (8192K)
 Metaspace       used 68174K, committed 68864K, reserved 1114112K
  class space    used 9574K, committed 9920K, reserved 1048576K
}
Event: 10.445 GC heap after
{Heap after GC invocations=19 (full 0):
 garbage-first heap   total 152576K, used 75256K [0x0000000085200000, 0x0000000100000000)
  region size 1024K, 4 young (4096K), 4 survivors (4096K)
 Metaspace       used 68174K, committed 68864K, reserved 1114112K
  class space    used 9574K, committed 9920K, reserved 1048576K
}
Event: 10.546 GC heap before
{Heap before GC invocations=19 (full 0):
 garbage-first heap   total 152576K, used 124408K [0x0000000085200000, 0x0000000100000000)
  region size 1024K, 52 young (53248K), 4 survivors (4096K)
 Metaspace       used 68179K, committed 68864K, reserved 1114112K
  class space    used 9575K, committed 9920K, reserved 1048576K
}
Event: 10.549 GC heap after
{Heap after GC invocations=20 (full 0):
 garbage-first heap   total 152576K, used 75057K [0x0000000085200000, 0x0000000100000000)
  region size 1024K, 4 young (4096K), 4 survivors (4096K)
 Metaspace       used 68179K, committed 68864K, reserved 1114112K
  class space    used 9575K, committed 9920K, reserved 1048576K
}
Event: 10.774 GC heap before
{Heap before GC invocations=21 (full 0):
 garbage-first heap   total 152576K, used 125233K [0x0000000085200000, 0x0000000100000000)
  region size 1024K, 53 young (54272K), 4 survivors (4096K)
 Metaspace       used 68523K, committed 69248K, reserved 1114112K
  class space    used 9622K, committed 9984K, reserved 1048576K
}
Event: 10.778 GC heap after
{Heap after GC invocations=22 (full 0):
 garbage-first heap   total 152576K, used 76929K [0x0000000085200000, 0x0000000100000000)
  region size 1024K, 6 young (6144K), 6 survivors (6144K)
 Metaspace       used 68523K, committed 69248K, reserved 1114112K
  class space    used 9622K, committed 9984K, reserved 1048576K
}
Event: 10.781 GC heap before
{Heap before GC invocations=22 (full 0):
 garbage-first heap   total 152576K, used 77953K [0x0000000085200000, 0x0000000100000000)
  region size 1024K, 7 young (7168K), 6 survivors (6144K)
 Metaspace       used 68523K, committed 69248K, reserved 1114112K
  class space    used 9622K, committed 9984K, reserved 1048576K
}
Event: 10.786 GC heap after
{Heap after GC invocations=23 (full 0):
 garbage-first heap   total 198656K, used 77139K [0x0000000085200000, 0x0000000100000000)
  region size 1024K, 1 young (1024K), 1 survivors (1024K)
 Metaspace       used 68523K, committed 69248K, reserved 1114112K
  class space    used 9622K, committed 9984K, reserved 1048576K
}
Event: 11.028 GC heap before
{Heap before GC invocations=23 (full 0):
 garbage-first heap   total 198656K, used 162131K [0x0000000085200000, 0x0000000100000000)
  region size 1024K, 84 young (86016K), 1 survivors (1024K)
 Metaspace       used 68729K, committed 69440K, reserved 1114112K
  class space    used 9651K, committed 9984K, reserved 1048576K
}
Event: 11.038 GC heap after
{Heap after GC invocations=24 (full 0):
 garbage-first heap   total 198656K, used 89417K [0x0000000085200000, 0x0000000100000000)
  region size 1024K, 11 young (11264K), 11 survivors (11264K)
 Metaspace       used 68729K, committed 69440K, reserved 1114112K
  class space    used 9651K, committed 9984K, reserved 1048576K
}
Event: 11.214 GC heap before
{Heap before GC invocations=24 (full 0):
 garbage-first heap   total 198656K, used 159049K [0x0000000085200000, 0x0000000100000000)
  region size 1024K, 79 young (80896K), 11 survivors (11264K)
 Metaspace       used 69130K, committed 69888K, reserved 1114112K
  class space    used 9722K, committed 10112K, reserved 1048576K
}
Event: 11.223 GC heap after
{Heap after GC invocations=25 (full 0):
 garbage-first heap   total 198656K, used 93724K [0x0000000085200000, 0x0000000100000000)
  region size 1024K, 5 young (5120K), 5 survivors (5120K)
 Metaspace       used 69130K, committed 69888K, reserved 1114112K
  class space    used 9722K, committed 10112K, reserved 1048576K
}
Event: 11.537 GC heap before
{Heap before GC invocations=25 (full 0):
 garbage-first heap   total 198656K, used 161308K [0x0000000085200000, 0x0000000100000000)
  region size 1024K, 71 young (72704K), 5 survivors (5120K)
 Metaspace       used 69858K, committed 70592K, reserved 1114112K
  class space    used 9826K, committed 10176K, reserved 1048576K
}
Event: 11.544 GC heap after
{Heap after GC invocations=26 (full 0):
 garbage-first heap   total 198656K, used 96450K [0x0000000085200000, 0x0000000100000000)
  region size 1024K, 7 young (7168K), 7 survivors (7168K)
 Metaspace       used 69858K, committed 70592K, reserved 1114112K
  class space    used 9826K, committed 10176K, reserved 1048576K
}
Event: 47.744 GC heap before
{Heap before GC invocations=27 (full 0):
 garbage-first heap   total 198656K, used 164034K [0x0000000085200000, 0x0000000100000000)
  region size 1024K, 73 young (74752K), 7 survivors (7168K)
 Metaspace       used 75325K, committed 76096K, reserved 1179648K
  class space    used 10612K, committed 11008K, reserved 1048576K
}
Event: 47.763 GC heap after
{Heap after GC invocations=28 (full 0):
 garbage-first heap   total 198656K, used 102288K [0x0000000085200000, 0x0000000100000000)
  region size 1024K, 9 young (9216K), 9 survivors (9216K)
 Metaspace       used 75325K, committed 76096K, reserved 1179648K
  class space    used 10612K, committed 11008K, reserved 1048576K
}
Event: 47.787 GC heap before
{Heap before GC invocations=28 (full 0):
 garbage-first heap   total 198656K, used 103312K [0x0000000085200000, 0x0000000100000000)
  region size 1024K, 10 young (10240K), 9 survivors (9216K)
 Metaspace       used 75434K, committed 76160K, reserved 1179648K
  class space    used 10636K, committed 11008K, reserved 1048576K
}
Event: 47.794 GC heap after
{Heap after GC invocations=29 (full 0):
 garbage-first heap   total 198656K, used 101206K [0x0000000085200000, 0x0000000100000000)
  region size 1024K, 2 young (2048K), 2 survivors (2048K)
 Metaspace       used 75434K, committed 76160K, reserved 1179648K
  class space    used 10636K, committed 11008K, reserved 1048576K
}
Event: 49.894 GC heap before
{Heap before GC invocations=29 (full 0):
 garbage-first heap   total 198656K, used 162646K [0x0000000085200000, 0x0000000100000000)
  region size 1024K, 63 young (64512K), 2 survivors (2048K)
 Metaspace       used 79491K, committed 80320K, reserved 1179648K
  class space    used 11290K, committed 11712K, reserved 1048576K
}

